<?xml version="1.0" encoding="UTF-8"?>
<!-- Generated by org.testng.reporters.JUnitReportReporter -->
<testsuite hostname="Shreejits-MacBook-Pro.local" name="com.ibmwatson.devopsservices.swaggertestasset.TestNGTests" tests="20" failures="0" timestamp="9 Jun 2016 16:10:57 GMT" time="1.941" errors="0">
  <testcase name="executeRestfulTest" time="0.074" classname="com.ibmwatson.devopsservices.swaggertestasset.TestNGTests"/>
  <testcase name="executeRestfulTest" time="0.000" classname="com.ibmwatson.devopsservices.swaggertestasset.TestNGTests"/>
  <testcase name="executeRestfulTest" time="0.224" classname="com.ibmwatson.devopsservices.swaggertestasset.TestNGTests"/>
  <testcase name="executeRestfulTest" time="0.077" classname="com.ibmwatson.devopsservices.swaggertestasset.TestNGTests"/>
  <testcase name="executeRestfulTest" time="0.102" classname="com.ibmwatson.devopsservices.swaggertestasset.TestNGTests"/>
  <testcase name="executeRestfulTest" time="0.000" classname="com.ibmwatson.devopsservices.swaggertestasset.TestNGTests"/>
  <testcase name="executeRestfulTest" time="0.107" classname="com.ibmwatson.devopsservices.swaggertestasset.TestNGTests"/>
  <testcase name="executeRestfulTest" time="1.149" classname="com.ibmwatson.devopsservices.swaggertestasset.TestNGTests"/>
  <testcase name="executeRestfulTest" time="0.000" classname="com.ibmwatson.devopsservices.swaggertestasset.TestNGTests"/>
  <testcase name="executeRestfulTest" time="0.000" classname="com.ibmwatson.devopsservices.swaggertestasset.TestNGTests"/>
  <testcase name="executeRestfulTest" time="0.004" classname="com.ibmwatson.devopsservices.swaggertestasset.TestNGTests"/>
  <testcase name="executeRestfulTest" time="0.088" classname="com.ibmwatson.devopsservices.swaggertestasset.TestNGTests"/>
  <testcase name="executeRestfulTest" time="0.000" classname="com.ibmwatson.devopsservices.swaggertestasset.TestNGTests"/>
  <testcase name="executeRestfulTest" time="0.000" classname="com.ibmwatson.devopsservices.swaggertestasset.TestNGTests"/>
  <testcase name="executeRestfulTest" time="0.000" classname="com.ibmwatson.devopsservices.swaggertestasset.TestNGTests"/>
  <testcase name="executeRestfulTest" time="0.116" classname="com.ibmwatson.devopsservices.swaggertestasset.TestNGTests"/>
  <testcase name="executeRestfulTest" time="0.000" classname="com.ibmwatson.devopsservices.swaggertestasset.TestNGTests"/>
  <testcase name="executeRestfulTest" time="0.000" classname="com.ibmwatson.devopsservices.swaggertestasset.TestNGTests"/>
  <testcase name="executeRestfulTest" time="0.000" classname="com.ibmwatson.devopsservices.swaggertestasset.TestNGTests"/>
  <testcase name="executeRestfulTest" time="0.000" classname="com.ibmwatson.devopsservices.swaggertestasset.TestNGTests"/>
</testsuite> <!-- com.ibmwatson.devopsservices.swaggertestasset.TestNGTests -->
